2025-07-26T00:36:18.925-03:00  INFO 23368 --- [Brigia] [main] br.com.nemeia.brigia.BrigiaApplication   : Starting BrigiaApplication using Java 21.0.8 with PID 23368 (C:\Users\aresn\IdeaProjects\Brigia\backend\target\classes started by aresn in C:\Users\aresn\IdeaProjects\Brigia\backend)
2025-07-26T00:36:18.930-03:00  INFO 23368 --- [Brigia] [main] br.com.nemeia.brigia.BrigiaApplication   : No active profile set, falling back to 1 default profile: "default"
2025-07-26T00:36:19.500-03:00  INFO 23368 --- [Brigia] [main] .s.d.r.c.RepositoryConfigurationDelegate : Bootstrapping Spring Data JPA repositories in DEFAULT mode.
2025-07-26T00:36:19.604-03:00  INFO 23368 --- [Brigia] [main] .s.d.r.c.RepositoryConfigurationDelegate : Finished Spring Data repository scanning in 98 ms. Found 7 JPA repository interfaces.
2025-07-26T00:36:20.135-03:00  INFO 23368 --- [Brigia] [main] o.s.b.w.embedded.tomcat.TomcatWebServer  : Tomcat initialized with port 8009 (http)
2025-07-26T00:36:20.145-03:00  INFO 23368 --- [Brigia] [main] o.apache.catalina.core.StandardService   : Starting service [Tomcat]
2025-07-26T00:36:20.145-03:00  INFO 23368 --- [Brigia] [main] o.apache.catalina.core.StandardEngine    : Starting Servlet engine: [Apache Tomcat/10.1.42]
2025-07-26T00:36:20.188-03:00  INFO 23368 --- [Brigia] [main] o.a.c.c.C.[Tomcat].[localhost].[/]       : Initializing Spring embedded WebApplicationContext
2025-07-26T00:36:20.188-03:00  INFO 23368 --- [Brigia] [main] w.s.c.ServletWebServerApplicationContext : Root WebApplicationContext: initialization completed in 1232 ms
2025-07-26T00:36:20.401-03:00  INFO 23368 --- [Brigia] [main] com.zaxxer.hikari.HikariDataSource       : HikariPool-1 - Starting...
2025-07-26T00:36:20.521-03:00  INFO 23368 --- [Brigia] [main] com.zaxxer.hikari.pool.HikariPool        : HikariPool-1 - Added connection org.postgresql.jdbc.PgConnection@39514976
2025-07-26T00:36:20.522-03:00  INFO 23368 --- [Brigia] [main] com.zaxxer.hikari.HikariDataSource       : HikariPool-1 - Start completed.
2025-07-26T00:36:20.543-03:00  INFO 23368 --- [Brigia] [main] org.flywaydb.core.FlywayExecutor         : Database: jdbc:postgresql://localhost:5432/brigia-bemestar (PostgreSQL 17.5)
2025-07-26T00:36:20.582-03:00  INFO 23368 --- [Brigia] [main] o.f.core.internal.command.DbValidate     : Successfully validated 1 migration (execution time 00:00.020s)
2025-07-26T00:36:20.612-03:00  INFO 23368 --- [Brigia] [main] o.f.core.internal.command.DbMigrate      : Current version of schema "public": 1
2025-07-26T00:36:20.615-03:00  INFO 23368 --- [Brigia] [main] o.f.core.internal.command.DbMigrate      : Schema "public" is up to date. No migration necessary.
2025-07-26T00:36:20.681-03:00  INFO 23368 --- [Brigia] [main] o.hibernate.jpa.internal.util.LogHelper  : HHH000204: Processing PersistenceUnitInfo [name: default]
2025-07-26T00:36:20.719-03:00  INFO 23368 --- [Brigia] [main] org.hibernate.Version                    : HHH000412: Hibernate ORM core version 6.6.18.Final
2025-07-26T00:36:20.740-03:00  INFO 23368 --- [Brigia] [main] o.h.c.internal.RegionFactoryInitiator    : HHH000026: Second-level cache disabled
2025-07-26T00:36:20.934-03:00  INFO 23368 --- [Brigia] [main] o.s.o.j.p.SpringPersistenceUnitInfo      : No LoadTimeWeaver setup: ignoring JPA class transformer
2025-07-26T00:36:20.973-03:00  WARN 23368 --- [Brigia] [main] org.hibernate.orm.deprecation            : HHH90000025: PostgreSQLDialect does not need to be specified explicitly using 'hibernate.dialect' (remove the property setting and it will be selected by default)
2025-07-26T00:36:20.986-03:00  INFO 23368 --- [Brigia] [main] org.hibernate.orm.connections.pooling    : HHH10001005: Database info:
	Database JDBC URL [Connecting through datasource 'HikariDataSource (HikariPool-1)']
	Database driver: undefined/unknown
	Database version: 17.5
	Autocommit mode: undefined/unknown
	Isolation level: undefined/unknown
	Minimum pool size: undefined/unknown
	Maximum pool size: undefined/unknown
2025-07-26T00:36:21.689-03:00  INFO 23368 --- [Brigia] [main] o.h.e.t.j.p.i.JtaPlatformInitiator       : HHH000489: No JTA platform available (set 'hibernate.transaction.jta.platform' to enable JTA platform integration)
2025-07-26T00:36:21.762-03:00  WARN 23368 --- [Brigia] [main] o.h.engine.jdbc.spi.SqlExceptionHelper   : SQL Warning Code: 0, SQLState: 00000
2025-07-26T00:36:21.762-03:00  WARN 23368 --- [Brigia] [main] o.h.engine.jdbc.spi.SqlExceptionHelper   : constraint "uk5171l57faosmj8myawaucatdw" of relation "usuario" does not exist, skipping
2025-07-26T00:36:21.777-03:00  INFO 23368 --- [Brigia] [main] j.LocalContainerEntityManagerFactoryBean : Initialized JPA EntityManagerFactory for persistence unit 'default'
2025-07-26T00:36:22.180-03:00  WARN 23368 --- [Brigia] [main] JpaBaseConfiguration$JpaWebConfiguration : spring.jpa.open-in-view is enabled by default. Therefore, database queries may be performed during view rendering. Explicitly configure spring.jpa.open-in-view to disable this warning
2025-07-26T00:36:22.198-03:00  WARN 23368 --- [Brigia] [main] .s.s.UserDetailsServiceAutoConfiguration : 

Using generated security password: a2496f96-6592-4b0a-b202-e37cff0bba5f

This generated password is for development use only. Your security configuration must be updated before running your application in production.

2025-07-26T00:36:22.201-03:00  INFO 23368 --- [Brigia] [main] r$InitializeUserDetailsManagerConfigurer : Global AuthenticationManager configured with UserDetailsService bean with name inMemoryUserDetailsManager
2025-07-26T00:36:22.675-03:00  INFO 23368 --- [Brigia] [main] o.s.b.w.embedded.tomcat.TomcatWebServer  : Tomcat started on port 8009 (http) with context path '/'
2025-07-26T00:36:22.682-03:00  INFO 23368 --- [Brigia] [main] br.com.nemeia.brigia.BrigiaApplication   : Started BrigiaApplication in 4.127 seconds (process running for 4.428)
2025-07-26T00:38:13.802-03:00  INFO 23368 --- [Brigia] [http-nio-8009-exec-1] o.a.c.c.C.[Tomcat].[localhost].[/]       : Initializing Spring DispatcherServlet 'dispatcherServlet'
2025-07-26T00:38:13.802-03:00  INFO 23368 --- [Brigia] [http-nio-8009-exec-1] o.s.web.servlet.DispatcherServlet        : Initializing Servlet 'dispatcherServlet'
2025-07-26T00:38:13.802-03:00  INFO 23368 --- [Brigia] [http-nio-8009-exec-1] o.s.web.servlet.DispatcherServlet        : Completed initialization in 0 ms
2025-07-26T00:38:50.474-03:00  INFO 23368 --- [Brigia] [http-nio-8009-exec-2] o.springdoc.api.AbstractOpenApiResource  : Init duration for springdoc-openapi is: 199 ms
2025-07-26T00:47:47.108-03:00  INFO 23368 --- [Brigia] [SpringApplicationShutdownHook] o.s.b.w.e.tomcat.GracefulShutdown        : Commencing graceful shutdown. Waiting for active requests to complete
2025-07-26T00:47:47.115-03:00  INFO 23368 --- [Brigia] [tomcat-shutdown] o.s.b.w.e.tomcat.GracefulShutdown        : Graceful shutdown complete
2025-07-26T00:47:47.126-03:00  INFO 23368 --- [Brigia] [SpringApplicationShutdownHook] j.LocalContainerEntityManagerFactoryBean : Closing JPA EntityManagerFactory for persistence unit 'default'
2025-07-26T00:47:47.127-03:00  INFO 23368 --- [Brigia] [SpringApplicationShutdownHook] com.zaxxer.hikari.HikariDataSource       : HikariPool-1 - Shutdown initiated...
2025-07-26T00:47:47.130-03:00  INFO 23368 --- [Brigia] [SpringApplicationShutdownHook] com.zaxxer.hikari.HikariDataSource       : HikariPool-1 - Shutdown completed.
